<?xml version="1.0" encoding="UTF-8"?>
<!-- Generated by org.testng.reporters.JUnitReportReporter -->
<testsuite hostname="DESKTOP-3N0O4DU" failures="0" tests="2" name="com.actitime.testscript.CustomerModule" time="12.108" errors="0" timestamp="2023-10-10T11:48:13 IST" skipped="0">
  <testcase classname="com.actitime.testscript.CustomerModule" name="createCustomer" time="6.947">
    <system-out>
      <![CDATA[createCustomer has got passed]]>
    </system-out>
  </testcase> <!-- createCustomer -->
  <testcase classname="com.actitime.testscript.CustomerModule" name="deleteCustomer" time="5.161">
    <system-out>
      <![CDATA[deleteCustomer has got passed]]>
    </system-out>
  </testcase> <!-- deleteCustomer -->
  <system-out>
    <![CDATA[openBrowser
login
createCustomer has got passed
logout
login
deleteCustomer has got passed
logout
closedBrowser]]>
  </system-out>
</testsuite> <!-- com.actitime.testscript.CustomerModule -->
